<<<<<<< HEAD
﻿  Object.cpp
  Generating Code...
  Skipping... (no relevant changes detected)
  Player.cpp
  Monster.cpp
  Labirinth.cpp
=======
﻿  server.cpp
<<<<<<< HEAD
c:\users\david barreiro\documents\github\tp_so2\rpg\server\server.cpp(67): warning C4101: 'hPipe2': unreferenced local variable
c:\users\david barreiro\documents\github\tp_so2\rpg\server\server.cpp(121): warning C4101: 'versao': unreferenced local variable
c:\users\david barreiro\documents\github\tp_so2\rpg\server\server.cpp(122): warning C4101: 'autor': unreferenced local variable
c:\users\david barreiro\documents\github\tp_so2\rpg\server\server.cpp(121): warning C4101: 'tamanho': unreferenced local variable
c:\users\david barreiro\documents\github\tp_so2\rpg\server\server.cpp(184): warning C4800: 'BOOL': forcing value to bool 'true' or 'false' (performance warning)
c:\users\david barreiro\documents\github\tp_so2\rpg\server\server.cpp(223): warning C4018: '<': signed/unsigned mismatch
c:\users\david barreiro\documents\github\tp_so2\rpg\server\server.cpp(224): warning C4244: 'argument': conversion from 'wchar_t' to 'char', possible loss of data
c:\users\david barreiro\documents\github\tp_so2\rpg\server\server.cpp(225): warning C4018: '<': signed/unsigned mismatch
c:\users\david barreiro\documents\github\tp_so2\rpg\server\server.cpp(226): warning C4244: 'argument': conversion from 'wchar_t' to 'char', possible loss of data
c:\users\david barreiro\documents\github\tp_so2\rpg\server\server.cpp(202): warning C4477: 'wprintf' : format string '%d' requires an argument of type 'int', but variadic argument 1 has type 'cliente *'
c:\users\david barreiro\documents\github\tp_so2\rpg\server\server.cpp(150): warning C4101: 'aux': unreferenced local variable
c:\users\david barreiro\documents\github\tp_so2\rpg\server\server.cpp(146): warning C4101: 'i': unreferenced local variable
  Object.cpp
  Monster.cpp
  Labirinth.cpp
  Player.cpp
  Generating Code...
  Server.vcxproj -> C:\Users\David Barreiro\Documents\GitHub\TP_SO2\RPG\Debug\Server.exe
=======
c:\users\david barreiro\desktop\rpg\server\server.cpp(67): warning C4101: 'hPipe2': unreferenced local variable
c:\users\david barreiro\desktop\rpg\server\server.cpp(121): warning C4101: 'versao': unreferenced local variable
c:\users\david barreiro\desktop\rpg\server\server.cpp(122): warning C4101: 'autor': unreferenced local variable
c:\users\david barreiro\desktop\rpg\server\server.cpp(121): warning C4101: 'tamanho': unreferenced local variable
c:\users\david barreiro\desktop\rpg\server\server.cpp(184): warning C4800: 'BOOL': forcing value to bool 'true' or 'false' (performance warning)
c:\users\david barreiro\desktop\rpg\server\server.cpp(223): warning C4018: '<': signed/unsigned mismatch
c:\users\david barreiro\desktop\rpg\server\server.cpp(224): warning C4244: 'argument': conversion from 'wchar_t' to 'char', possible loss of data
c:\users\david barreiro\desktop\rpg\server\server.cpp(225): warning C4018: '<': signed/unsigned mismatch
c:\users\david barreiro\desktop\rpg\server\server.cpp(226): warning C4244: 'argument': conversion from 'wchar_t' to 'char', possible loss of data
c:\users\david barreiro\desktop\rpg\server\server.cpp(202): warning C4477: 'wprintf' : format string '%d' requires an argument of type 'int', but variadic argument 1 has type 'cliente *'
c:\users\david barreiro\desktop\rpg\server\server.cpp(150): warning C4101: 'aux': unreferenced local variable
c:\users\david barreiro\desktop\rpg\server\server.cpp(146): warning C4101: 'i': unreferenced local variable
>>>>>>> origin/master
  Server.vcxproj -> C:\Users\David Barreiro\Desktop\RPG\Debug\Server.exe
>>>>>>> origin/master
